<?xml version="1.0" encoding="UTF-8"?>
<!-- Generated by org.testng.reporters.JUnitXMLReporter -->
<testsuite ignored="0" hostname="DESKTOP-KJUS8R9" failures="0" tests="4" name="CommonTests" time="9.189" errors="0" timestamp="2023-07-10T22:40:25 IST">
  <testcase classname="tests.SwagLabs.CommonTests" name="verifyPageSourceElement" time="0.009"/>
  <testcase classname="tests.SwagLabs.CommonTests" name="verifyPageTitles" time="0.293"/>
  <testcase classname="tests.SwagLabs.CommonTests" name="verifyPageURL" time="0.189"/>
  <testcase classname="tests.SwagLabs.CommonTests" name="windowHandle" time="6.09"/>
</testsuite> <!-- CommonTests -->
