<?xml version="1.0" encoding="UTF-8"?>
<!-- Generated by org.testng.reporters.JUnitXMLReporter -->
<testsuite ignored="0" hostname="LAPTOP-P1Q3UM62" failures="0" tests="4" name="HomePage" time="9.315" errors="0" timestamp="2023-07-11T10:56:11 IST">
  <testcase classname="tests.SwagLabs.HomePageTests" name="addToCart" time="1.411"/>
  <testcase classname="tests.SwagLabs.HomePageTests" name="applyFilter" time="0.415"/>
  <testcase classname="tests.SwagLabs.HomePageTests" name="goToProductPage" time="0.227"/>
  <testcase classname="tests.SwagLabs.HomePageTests" name="removeFromCart" time="1.076"/>
</testsuite> <!-- HomePage -->
