<?xml version="1.0" encoding="UTF-8"?>
<!-- Generated by org.testng.reporters.JUnitXMLReporter -->
<testsuite ignored="0" hostname="LAPTOP-P1Q3UM62" failures="0" tests="11" name="Login" time="28.804" errors="0" timestamp="2023-07-11T10:56:02 IST">
  <testcase classname="tests.SwagLabs.LoginTests" name="login" time="0.858"/>
  <testcase classname="tests.SwagLabs.LoginTests" name="login" time="0.58"/>
  <testcase classname="tests.SwagLabs.LoginTests" name="login" time="0.562"/>
  <testcase classname="tests.SwagLabs.LoginTests" name="login" time="5.595"/>
  <testcase classname="tests.SwagLabs.LoginTests" name="loginEnter" time="0.543"/>
  <testcase classname="tests.SwagLabs.LoginTests" name="loginEnter" time="0.443"/>
  <testcase classname="tests.SwagLabs.LoginTests" name="loginEnter" time="0.593"/>
  <testcase classname="tests.SwagLabs.LoginTests" name="loginEnter" time="5.51"/>
  <testcase classname="tests.SwagLabs.LoginTests" name="loginInvalidEmail" time="0.436"/>
  <testcase classname="tests.SwagLabs.LoginTests" name="loginInvalidPassword" time="0.891"/>
  <testcase classname="tests.SwagLabs.LoginTests" name="logout" time="1.326"/>
</testsuite> <!-- Login -->
